2019-11-21 21:27:00,488 - model.gcnn_supervisor - INFO - Log directory: data/model/GCNN_DDGF_h_12_32_lr_0.01_bs_32_1121212700/
2019-11-21 21:27:00,488 - model.gcnn_supervisor - INFO - {'base_dir': 'data/model', 'log_level': 'INFO', 'data': {'batch_size': 32, 'dataset_dir': '../data/METR-LA_traffic_speed', 'test_batch_size': 64, 'val_batch_size': 64}, 'model': {'cl_decay_steps': 2000, 'horizon': 12, 'input_dim': 1, 'l1_decay': 0, 'num_nodes': 207, 'num_rnn_layers': 1, 'output_dim': 1, 'rnn_units': 32, 'seq_len': 12, 'use_curriculum_learning': True}, 'train': {'base_lr': 0.01, 'dropout': 0, 'epoch': 0, 'epochs': 35, 'epsilon': 0.001, 'global_step': 0, 'lr_decay_ratio': 0.1, 'max_grad_norm': 5, 'max_to_keep': 100, 'min_learning_rate': 2e-06, 'optimizer': 'adam', 'patience': 50, 'steps': [20], 'test_every_n_epochs': 1, 'preds_file': 'GCNN_speed_207.csv', 'groundtruth_file': 'y_truth_GCNN_speed_207.csv'}}
2019-11-21 21:27:03,722 - model.gcnn_supervisor - INFO - ('x_train', (23974, 12, 207, 1))
2019-11-21 21:27:03,722 - model.gcnn_supervisor - INFO - ('y_train', (23974, 12, 207, 1))
2019-11-21 21:27:03,723 - model.gcnn_supervisor - INFO - ('x_val', (3425, 12, 207, 1))
2019-11-21 21:27:03,723 - model.gcnn_supervisor - INFO - ('y_val', (3425, 12, 207, 1))
2019-11-21 21:27:03,723 - model.gcnn_supervisor - INFO - ('x_test', (6850, 12, 207, 1))
2019-11-21 21:27:03,723 - model.gcnn_supervisor - INFO - ('y_test', (6850, 12, 207, 1))
2019-11-21 21:27:09,415 - model.gcnn_supervisor - INFO - Total number of trainable parameters: 177956
2019-11-21 21:27:09,674 - model.gcnn_supervisor - INFO - Start training ...
2019-11-21 21:27:31,914 - model.gcnn_supervisor - INFO - Epoch [0/35] (750) train_mae: 2.9929, val_mae: 3.7223 lr:0.010000 22.2s
2019-11-21 21:27:34,305 - model.gcnn_supervisor - INFO - Horizon 01, MAE: 2.80, MAPE: 0.0672, RMSE: 4.66
2019-11-21 21:27:34,366 - model.gcnn_supervisor - INFO - Horizon 02, MAE: 3.10, MAPE: 0.0769, RMSE: 5.55
2019-11-21 21:27:34,427 - model.gcnn_supervisor - INFO - Horizon 03, MAE: 3.36, MAPE: 0.0857, RMSE: 6.21
2019-11-21 21:27:34,491 - model.gcnn_supervisor - INFO - Horizon 04, MAE: 3.61, MAPE: 0.0939, RMSE: 6.77
2019-11-21 21:27:34,553 - model.gcnn_supervisor - INFO - Horizon 05, MAE: 3.86, MAPE: 0.1021, RMSE: 7.26
2019-11-21 21:27:34,617 - model.gcnn_supervisor - INFO - Horizon 06, MAE: 4.09, MAPE: 0.1101, RMSE: 7.70
2019-11-21 21:27:34,687 - model.gcnn_supervisor - INFO - Horizon 07, MAE: 4.32, MAPE: 0.1181, RMSE: 8.13
2019-11-21 21:27:34,757 - model.gcnn_supervisor - INFO - Horizon 08, MAE: 4.55, MAPE: 0.1261, RMSE: 8.52
2019-11-21 21:27:34,822 - model.gcnn_supervisor - INFO - Horizon 09, MAE: 4.77, MAPE: 0.1340, RMSE: 8.91
2019-11-21 21:27:34,887 - model.gcnn_supervisor - INFO - Horizon 10, MAE: 4.99, MAPE: 0.1417, RMSE: 9.28
2019-11-21 21:27:34,951 - model.gcnn_supervisor - INFO - Horizon 11, MAE: 5.21, MAPE: 0.1496, RMSE: 9.64
2019-11-21 21:27:35,015 - model.gcnn_supervisor - INFO - Horizon 12, MAE: 5.43, MAPE: 0.1575, RMSE: 10.00
2019-11-21 21:27:35,262 - model.gcnn_supervisor - INFO - Val loss decrease from inf to 3.7223, saving to data/model/GCNN_DDGF_h_12_32_lr_0.01_bs_32_1121212700/models-3.7223-750
2019-11-21 21:27:35,487 - model.gcnn_supervisor - INFO - Overall Test MAE 4.1742
2019-11-21 21:28:18,680 - model.gcnn_supervisor - INFO - Epoch [1/35] (1500) train_mae: 2.3699, val_mae: 3.4504 lr:0.010000 20.8s
2019-11-21 21:28:20,853 - model.gcnn_supervisor - INFO - Horizon 01, MAE: 2.65, MAPE: 0.0637, RMSE: 4.46
2019-11-21 21:28:20,907 - model.gcnn_supervisor - INFO - Horizon 02, MAE: 2.97, MAPE: 0.0745, RMSE: 5.40
2019-11-21 21:28:20,961 - model.gcnn_supervisor - INFO - Horizon 03, MAE: 3.23, MAPE: 0.0829, RMSE: 6.06
2019-11-21 21:28:21,015 - model.gcnn_supervisor - INFO - Horizon 04, MAE: 3.46, MAPE: 0.0906, RMSE: 6.59
2019-11-21 21:28:21,069 - model.gcnn_supervisor - INFO - Horizon 05, MAE: 3.66, MAPE: 0.0979, RMSE: 7.04
2019-11-21 21:28:21,123 - model.gcnn_supervisor - INFO - Horizon 06, MAE: 3.85, MAPE: 0.1049, RMSE: 7.45
2019-11-21 21:28:21,176 - model.gcnn_supervisor - INFO - Horizon 07, MAE: 4.03, MAPE: 0.1117, RMSE: 7.83
2019-11-21 21:28:21,228 - model.gcnn_supervisor - INFO - Horizon 08, MAE: 4.20, MAPE: 0.1184, RMSE: 8.18
2019-11-21 21:28:21,279 - model.gcnn_supervisor - INFO - Horizon 09, MAE: 4.36, MAPE: 0.1248, RMSE: 8.51
2019-11-21 21:28:21,332 - model.gcnn_supervisor - INFO - Horizon 10, MAE: 4.53, MAPE: 0.1310, RMSE: 8.83
2019-11-21 21:28:21,387 - model.gcnn_supervisor - INFO - Horizon 11, MAE: 4.69, MAPE: 0.1373, RMSE: 9.14
2019-11-21 21:28:21,447 - model.gcnn_supervisor - INFO - Horizon 12, MAE: 4.86, MAPE: 0.1435, RMSE: 9.45
2019-11-21 21:28:21,636 - model.gcnn_supervisor - INFO - Val loss decrease from 3.7223 to 3.4504, saving to data/model/GCNN_DDGF_h_12_32_lr_0.01_bs_32_1121212700/models-3.4504-1500
2019-11-21 21:28:21,847 - model.gcnn_supervisor - INFO - Overall Test MAE 3.8728
2019-11-21 21:29:05,547 - model.gcnn_supervisor - INFO - Epoch [2/35] (2250) train_mae: 2.3225, val_mae: 3.3053 lr:0.010000 21.9s
2019-11-21 21:29:07,874 - model.gcnn_supervisor - INFO - Horizon 01, MAE: 2.52, MAPE: 0.0599, RMSE: 4.36
2019-11-21 21:29:07,930 - model.gcnn_supervisor - INFO - Horizon 02, MAE: 2.85, MAPE: 0.0706, RMSE: 5.31
2019-11-21 21:29:07,986 - model.gcnn_supervisor - INFO - Horizon 03, MAE: 3.12, MAPE: 0.0793, RMSE: 5.95
2019-11-21 21:29:08,042 - model.gcnn_supervisor - INFO - Horizon 04, MAE: 3.34, MAPE: 0.0870, RMSE: 6.45
2019-11-21 21:29:08,099 - model.gcnn_supervisor - INFO - Horizon 05, MAE: 3.54, MAPE: 0.0938, RMSE: 6.87
2019-11-21 21:29:08,156 - model.gcnn_supervisor - INFO - Horizon 06, MAE: 3.72, MAPE: 0.1003, RMSE: 7.27
2019-11-21 21:29:08,214 - model.gcnn_supervisor - INFO - Horizon 07, MAE: 3.90, MAPE: 0.1065, RMSE: 7.63
2019-11-21 21:29:08,271 - model.gcnn_supervisor - INFO - Horizon 08, MAE: 4.06, MAPE: 0.1125, RMSE: 7.97
2019-11-21 21:29:08,329 - model.gcnn_supervisor - INFO - Horizon 09, MAE: 4.21, MAPE: 0.1182, RMSE: 8.29
2019-11-21 21:29:08,385 - model.gcnn_supervisor - INFO - Horizon 10, MAE: 4.37, MAPE: 0.1238, RMSE: 8.60
2019-11-21 21:29:08,442 - model.gcnn_supervisor - INFO - Horizon 11, MAE: 4.52, MAPE: 0.1294, RMSE: 8.90
2019-11-21 21:29:08,499 - model.gcnn_supervisor - INFO - Horizon 12, MAE: 4.68, MAPE: 0.1351, RMSE: 9.21
2019-11-21 21:29:08,694 - model.gcnn_supervisor - INFO - Val loss decrease from 3.4504 to 3.3053, saving to data/model/GCNN_DDGF_h_12_32_lr_0.01_bs_32_1121212700/models-3.3053-2250
2019-11-21 21:29:08,918 - model.gcnn_supervisor - INFO - Overall Test MAE 3.7369
2019-11-21 21:29:53,805 - model.gcnn_supervisor - INFO - Epoch [3/35] (3000) train_mae: 2.2921, val_mae: 3.2970 lr:0.010000 22.2s
2019-11-21 21:29:56,286 - model.gcnn_supervisor - INFO - Horizon 01, MAE: 2.46, MAPE: 0.0593, RMSE: 4.30
2019-11-21 21:29:56,342 - model.gcnn_supervisor - INFO - Horizon 02, MAE: 2.79, MAPE: 0.0704, RMSE: 5.26
2019-11-21 21:29:56,398 - model.gcnn_supervisor - INFO - Horizon 03, MAE: 3.03, MAPE: 0.0790, RMSE: 5.90
2019-11-21 21:29:56,454 - model.gcnn_supervisor - INFO - Horizon 04, MAE: 3.25, MAPE: 0.0866, RMSE: 6.43
2019-11-21 21:29:56,513 - model.gcnn_supervisor - INFO - Horizon 05, MAE: 3.45, MAPE: 0.0935, RMSE: 6.88
2019-11-21 21:29:56,569 - model.gcnn_supervisor - INFO - Horizon 06, MAE: 3.63, MAPE: 0.1002, RMSE: 7.30
2019-11-21 21:29:56,624 - model.gcnn_supervisor - INFO - Horizon 07, MAE: 3.81, MAPE: 0.1066, RMSE: 7.70
2019-11-21 21:29:56,681 - model.gcnn_supervisor - INFO - Horizon 08, MAE: 3.99, MAPE: 0.1128, RMSE: 8.06
2019-11-21 21:29:56,738 - model.gcnn_supervisor - INFO - Horizon 09, MAE: 4.16, MAPE: 0.1188, RMSE: 8.41
2019-11-21 21:29:56,792 - model.gcnn_supervisor - INFO - Horizon 10, MAE: 4.34, MAPE: 0.1248, RMSE: 8.74
2019-11-21 21:29:56,848 - model.gcnn_supervisor - INFO - Horizon 11, MAE: 4.52, MAPE: 0.1308, RMSE: 9.07
2019-11-21 21:29:56,904 - model.gcnn_supervisor - INFO - Horizon 12, MAE: 4.70, MAPE: 0.1370, RMSE: 9.40
2019-11-21 21:29:57,105 - model.gcnn_supervisor - INFO - Val loss decrease from 3.3053 to 3.2970, saving to data/model/GCNN_DDGF_h_12_32_lr_0.01_bs_32_1121212700/models-3.2970-3000
2019-11-21 21:29:57,324 - model.gcnn_supervisor - INFO - Overall Test MAE 3.6771
2019-11-21 21:30:41,758 - model.gcnn_supervisor - INFO - Epoch [4/35] (3750) train_mae: 2.2710, val_mae: 3.2201 lr:0.010000 22.1s
2019-11-21 21:30:44,142 - model.gcnn_supervisor - INFO - Horizon 01, MAE: 2.44, MAPE: 0.0588, RMSE: 4.26
2019-11-21 21:30:44,200 - model.gcnn_supervisor - INFO - Horizon 02, MAE: 2.77, MAPE: 0.0698, RMSE: 5.22
2019-11-21 21:30:44,255 - model.gcnn_supervisor - INFO - Horizon 03, MAE: 3.02, MAPE: 0.0784, RMSE: 5.85
2019-11-21 21:30:44,313 - model.gcnn_supervisor - INFO - Horizon 04, MAE: 3.23, MAPE: 0.0858, RMSE: 6.37
2019-11-21 21:30:44,369 - model.gcnn_supervisor - INFO - Horizon 05, MAE: 3.41, MAPE: 0.0924, RMSE: 6.81
2019-11-21 21:30:44,426 - model.gcnn_supervisor - INFO - Horizon 06, MAE: 3.59, MAPE: 0.0987, RMSE: 7.22
2019-11-21 21:30:44,483 - model.gcnn_supervisor - INFO - Horizon 07, MAE: 3.75, MAPE: 0.1048, RMSE: 7.60
2019-11-21 21:30:44,539 - model.gcnn_supervisor - INFO - Horizon 08, MAE: 3.91, MAPE: 0.1106, RMSE: 7.95
2019-11-21 21:30:44,596 - model.gcnn_supervisor - INFO - Horizon 09, MAE: 4.06, MAPE: 0.1162, RMSE: 8.28
2019-11-21 21:30:44,653 - model.gcnn_supervisor - INFO - Horizon 10, MAE: 4.22, MAPE: 0.1218, RMSE: 8.59
2019-11-21 21:30:44,709 - model.gcnn_supervisor - INFO - Horizon 11, MAE: 4.37, MAPE: 0.1274, RMSE: 8.89
2019-11-21 21:30:44,765 - model.gcnn_supervisor - INFO - Horizon 12, MAE: 4.53, MAPE: 0.1331, RMSE: 9.20
2019-11-21 21:30:44,949 - model.gcnn_supervisor - INFO - Val loss decrease from 3.2970 to 3.2201, saving to data/model/GCNN_DDGF_h_12_32_lr_0.01_bs_32_1121212700/models-3.2201-3750
2019-11-21 21:30:45,178 - model.gcnn_supervisor - INFO - Overall Test MAE 3.6089
2019-11-21 21:31:30,218 - model.gcnn_supervisor - INFO - Epoch [5/35] (4500) train_mae: 2.2588, val_mae: 3.2128 lr:0.010000 21.9s
2019-11-21 21:31:32,622 - model.gcnn_supervisor - INFO - Horizon 01, MAE: 2.43, MAPE: 0.0587, RMSE: 4.23
2019-11-21 21:31:32,677 - model.gcnn_supervisor - INFO - Horizon 02, MAE: 2.76, MAPE: 0.0698, RMSE: 5.19
2019-11-21 21:31:32,732 - model.gcnn_supervisor - INFO - Horizon 03, MAE: 3.01, MAPE: 0.0784, RMSE: 5.79
2019-11-21 21:31:32,787 - model.gcnn_supervisor - INFO - Horizon 04, MAE: 3.22, MAPE: 0.0857, RMSE: 6.29
2019-11-21 21:31:32,842 - model.gcnn_supervisor - INFO - Horizon 05, MAE: 3.41, MAPE: 0.0921, RMSE: 6.71
2019-11-21 21:31:32,897 - model.gcnn_supervisor - INFO - Horizon 06, MAE: 3.59, MAPE: 0.0981, RMSE: 7.11
2019-11-21 21:31:32,952 - model.gcnn_supervisor - INFO - Horizon 07, MAE: 3.75, MAPE: 0.1037, RMSE: 7.47
2019-11-21 21:31:33,007 - model.gcnn_supervisor - INFO - Horizon 08, MAE: 3.91, MAPE: 0.1090, RMSE: 7.81
2019-11-21 21:31:33,060 - model.gcnn_supervisor - INFO - Horizon 09, MAE: 4.06, MAPE: 0.1140, RMSE: 8.12
2019-11-21 21:31:33,116 - model.gcnn_supervisor - INFO - Horizon 10, MAE: 4.21, MAPE: 0.1189, RMSE: 8.42
2019-11-21 21:31:33,173 - model.gcnn_supervisor - INFO - Horizon 11, MAE: 4.36, MAPE: 0.1237, RMSE: 8.71
2019-11-21 21:31:33,230 - model.gcnn_supervisor - INFO - Horizon 12, MAE: 4.51, MAPE: 0.1287, RMSE: 9.00
2019-11-21 21:31:33,410 - model.gcnn_supervisor - INFO - Val loss decrease from 3.2201 to 3.2128, saving to data/model/GCNN_DDGF_h_12_32_lr_0.01_bs_32_1121212700/models-3.2128-4500
2019-11-21 21:31:33,632 - model.gcnn_supervisor - INFO - Overall Test MAE 3.6027
2019-11-21 21:32:17,849 - model.gcnn_supervisor - INFO - Epoch [6/35] (5250) train_mae: 2.2492, val_mae: 3.1949 lr:0.010000 21.9s
2019-11-21 21:32:20,214 - model.gcnn_supervisor - INFO - Horizon 01, MAE: 2.42, MAPE: 0.0584, RMSE: 4.21
2019-11-21 21:32:20,272 - model.gcnn_supervisor - INFO - Horizon 02, MAE: 2.74, MAPE: 0.0694, RMSE: 5.16
2019-11-21 21:32:20,329 - model.gcnn_supervisor - INFO - Horizon 03, MAE: 2.98, MAPE: 0.0777, RMSE: 5.76
2019-11-21 21:32:20,386 - model.gcnn_supervisor - INFO - Horizon 04, MAE: 3.18, MAPE: 0.0848, RMSE: 6.26
2019-11-21 21:32:20,443 - model.gcnn_supervisor - INFO - Horizon 05, MAE: 3.37, MAPE: 0.0910, RMSE: 6.70
2019-11-21 21:32:20,500 - model.gcnn_supervisor - INFO - Horizon 06, MAE: 3.54, MAPE: 0.0968, RMSE: 7.09
2019-11-21 21:32:20,557 - model.gcnn_supervisor - INFO - Horizon 07, MAE: 3.71, MAPE: 0.1023, RMSE: 7.47
2019-11-21 21:32:20,614 - model.gcnn_supervisor - INFO - Horizon 08, MAE: 3.87, MAPE: 0.1076, RMSE: 7.81
2019-11-21 21:32:20,671 - model.gcnn_supervisor - INFO - Horizon 09, MAE: 4.02, MAPE: 0.1126, RMSE: 8.14
2019-11-21 21:32:20,728 - model.gcnn_supervisor - INFO - Horizon 10, MAE: 4.17, MAPE: 0.1175, RMSE: 8.44
2019-11-21 21:32:20,784 - model.gcnn_supervisor - INFO - Horizon 11, MAE: 4.32, MAPE: 0.1224, RMSE: 8.74
2019-11-21 21:32:20,840 - model.gcnn_supervisor - INFO - Horizon 12, MAE: 4.48, MAPE: 0.1274, RMSE: 9.04
2019-11-21 21:32:21,033 - model.gcnn_supervisor - INFO - Val loss decrease from 3.2128 to 3.1949, saving to data/model/GCNN_DDGF_h_12_32_lr_0.01_bs_32_1121212700/models-3.1949-5250
2019-11-21 21:32:21,254 - model.gcnn_supervisor - INFO - Overall Test MAE 3.5681
2019-11-21 21:33:05,737 - model.gcnn_supervisor - INFO - Epoch [7/35] (6000) train_mae: 2.2419, val_mae: 3.1675 lr:0.010000 21.9s
2019-11-21 21:33:08,123 - model.gcnn_supervisor - INFO - Horizon 01, MAE: 2.42, MAPE: 0.0585, RMSE: 4.19
2019-11-21 21:33:08,185 - model.gcnn_supervisor - INFO - Horizon 02, MAE: 2.73, MAPE: 0.0688, RMSE: 5.13
2019-11-21 21:33:08,252 - model.gcnn_supervisor - INFO - Horizon 03, MAE: 2.98, MAPE: 0.0769, RMSE: 5.73
2019-11-21 21:33:08,319 - model.gcnn_supervisor - INFO - Horizon 04, MAE: 3.17, MAPE: 0.0836, RMSE: 6.23
2019-11-21 21:33:08,386 - model.gcnn_supervisor - INFO - Horizon 05, MAE: 3.35, MAPE: 0.0896, RMSE: 6.66
2019-11-21 21:33:08,444 - model.gcnn_supervisor - INFO - Horizon 06, MAE: 3.52, MAPE: 0.0952, RMSE: 7.06
2019-11-21 21:33:08,508 - model.gcnn_supervisor - INFO - Horizon 07, MAE: 3.68, MAPE: 0.1006, RMSE: 7.43
2019-11-21 21:33:08,570 - model.gcnn_supervisor - INFO - Horizon 08, MAE: 3.84, MAPE: 0.1057, RMSE: 7.77
2019-11-21 21:33:08,631 - model.gcnn_supervisor - INFO - Horizon 09, MAE: 3.98, MAPE: 0.1106, RMSE: 8.09
2019-11-21 21:33:08,695 - model.gcnn_supervisor - INFO - Horizon 10, MAE: 4.13, MAPE: 0.1154, RMSE: 8.39
2019-11-21 21:33:08,753 - model.gcnn_supervisor - INFO - Horizon 11, MAE: 4.27, MAPE: 0.1202, RMSE: 8.68
2019-11-21 21:33:08,811 - model.gcnn_supervisor - INFO - Horizon 12, MAE: 4.42, MAPE: 0.1251, RMSE: 8.97
2019-11-21 21:33:08,973 - model.gcnn_supervisor - INFO - Val loss decrease from 3.1949 to 3.1675, saving to data/model/GCNN_DDGF_h_12_32_lr_0.01_bs_32_1121212700/models-3.1675-6000
2019-11-21 21:33:09,216 - model.gcnn_supervisor - INFO - Overall Test MAE 3.5424
2019-11-21 21:33:54,164 - model.gcnn_supervisor - INFO - Epoch [8/35] (6750) train_mae: 2.2363, val_mae: 3.1478 lr:0.010000 22.0s
2019-11-21 21:33:56,520 - model.gcnn_supervisor - INFO - Horizon 01, MAE: 2.41, MAPE: 0.0582, RMSE: 4.18
2019-11-21 21:33:56,577 - model.gcnn_supervisor - INFO - Horizon 02, MAE: 2.72, MAPE: 0.0690, RMSE: 5.12
2019-11-21 21:33:56,633 - model.gcnn_supervisor - INFO - Horizon 03, MAE: 2.95, MAPE: 0.0772, RMSE: 5.73
2019-11-21 21:33:56,688 - model.gcnn_supervisor - INFO - Horizon 04, MAE: 3.14, MAPE: 0.0845, RMSE: 6.24
2019-11-21 21:33:56,744 - model.gcnn_supervisor - INFO - Horizon 05, MAE: 3.31, MAPE: 0.0909, RMSE: 6.68
2019-11-21 21:33:56,799 - model.gcnn_supervisor - INFO - Horizon 06, MAE: 3.48, MAPE: 0.0970, RMSE: 7.07
2019-11-21 21:33:56,855 - model.gcnn_supervisor - INFO - Horizon 07, MAE: 3.64, MAPE: 0.1028, RMSE: 7.44
2019-11-21 21:33:56,911 - model.gcnn_supervisor - INFO - Horizon 08, MAE: 3.79, MAPE: 0.1084, RMSE: 7.78
2019-11-21 21:33:56,966 - model.gcnn_supervisor - INFO - Horizon 09, MAE: 3.93, MAPE: 0.1138, RMSE: 8.09
2019-11-21 21:33:57,021 - model.gcnn_supervisor - INFO - Horizon 10, MAE: 4.07, MAPE: 0.1190, RMSE: 8.39
2019-11-21 21:33:57,078 - model.gcnn_supervisor - INFO - Horizon 11, MAE: 4.22, MAPE: 0.1242, RMSE: 8.67
2019-11-21 21:33:57,135 - model.gcnn_supervisor - INFO - Horizon 12, MAE: 4.36, MAPE: 0.1296, RMSE: 8.95
2019-11-21 21:33:57,319 - model.gcnn_supervisor - INFO - Val loss decrease from 3.1675 to 3.1478, saving to data/model/GCNN_DDGF_h_12_32_lr_0.01_bs_32_1121212700/models-3.1478-6750
2019-11-21 21:33:57,543 - model.gcnn_supervisor - INFO - Overall Test MAE 3.5011
2019-11-21 21:34:42,325 - model.gcnn_supervisor - INFO - Epoch [9/35] (7500) train_mae: 2.2314, val_mae: 3.2201 lr:0.010000 21.9s
2019-11-21 21:34:44,664 - model.gcnn_supervisor - INFO - Horizon 01, MAE: 2.41, MAPE: 0.0580, RMSE: 4.17
2019-11-21 21:34:44,721 - model.gcnn_supervisor - INFO - Horizon 02, MAE: 2.71, MAPE: 0.0682, RMSE: 5.12
2019-11-21 21:34:44,778 - model.gcnn_supervisor - INFO - Horizon 03, MAE: 2.95, MAPE: 0.0760, RMSE: 5.75
2019-11-21 21:34:44,836 - model.gcnn_supervisor - INFO - Horizon 04, MAE: 3.16, MAPE: 0.0832, RMSE: 6.29
2019-11-21 21:34:44,893 - model.gcnn_supervisor - INFO - Horizon 05, MAE: 3.34, MAPE: 0.0896, RMSE: 6.75
2019-11-21 21:34:44,950 - model.gcnn_supervisor - INFO - Horizon 06, MAE: 3.52, MAPE: 0.0958, RMSE: 7.18
2019-11-21 21:34:45,008 - model.gcnn_supervisor - INFO - Horizon 07, MAE: 3.70, MAPE: 0.1018, RMSE: 7.57
2019-11-21 21:34:45,065 - model.gcnn_supervisor - INFO - Horizon 08, MAE: 3.87, MAPE: 0.1076, RMSE: 7.94
2019-11-21 21:34:45,123 - model.gcnn_supervisor - INFO - Horizon 09, MAE: 4.03, MAPE: 0.1132, RMSE: 8.28
2019-11-21 21:34:45,181 - model.gcnn_supervisor - INFO - Horizon 10, MAE: 4.19, MAPE: 0.1187, RMSE: 8.60
2019-11-21 21:34:45,239 - model.gcnn_supervisor - INFO - Horizon 11, MAE: 4.36, MAPE: 0.1243, RMSE: 8.90
2019-11-21 21:34:45,297 - model.gcnn_supervisor - INFO - Horizon 12, MAE: 4.53, MAPE: 0.1300, RMSE: 9.21
2019-11-21 21:35:07,403 - model.gcnn_supervisor - INFO - Epoch [10/35] (8250) train_mae: 2.2276, val_mae: 3.1880 lr:0.010000 21.9s
2019-11-21 21:35:09,746 - model.gcnn_supervisor - INFO - Horizon 01, MAE: 2.40, MAPE: 0.0582, RMSE: 4.16
2019-11-21 21:35:09,801 - model.gcnn_supervisor - INFO - Horizon 02, MAE: 2.70, MAPE: 0.0684, RMSE: 5.10
2019-11-21 21:35:09,856 - model.gcnn_supervisor - INFO - Horizon 03, MAE: 2.93, MAPE: 0.0765, RMSE: 5.73
2019-11-21 21:35:09,910 - model.gcnn_supervisor - INFO - Horizon 04, MAE: 3.13, MAPE: 0.0837, RMSE: 6.25
2019-11-21 21:35:09,965 - model.gcnn_supervisor - INFO - Horizon 05, MAE: 3.32, MAPE: 0.0902, RMSE: 6.71
2019-11-21 21:35:10,019 - model.gcnn_supervisor - INFO - Horizon 06, MAE: 3.49, MAPE: 0.0963, RMSE: 7.13
2019-11-21 21:35:10,074 - model.gcnn_supervisor - INFO - Horizon 07, MAE: 3.67, MAPE: 0.1023, RMSE: 7.52
2019-11-21 21:35:10,128 - model.gcnn_supervisor - INFO - Horizon 08, MAE: 3.83, MAPE: 0.1081, RMSE: 7.88
2019-11-21 21:35:10,185 - model.gcnn_supervisor - INFO - Horizon 09, MAE: 4.00, MAPE: 0.1138, RMSE: 8.22
2019-11-21 21:35:10,240 - model.gcnn_supervisor - INFO - Horizon 10, MAE: 4.16, MAPE: 0.1193, RMSE: 8.54
2019-11-21 21:35:10,294 - model.gcnn_supervisor - INFO - Horizon 11, MAE: 4.33, MAPE: 0.1249, RMSE: 8.85
2019-11-21 21:35:10,348 - model.gcnn_supervisor - INFO - Horizon 12, MAE: 4.50, MAPE: 0.1307, RMSE: 9.15
2019-11-21 21:35:32,498 - model.gcnn_supervisor - INFO - Epoch [11/35] (9000) train_mae: 2.2291, val_mae: 3.1704 lr:0.010000 22.0s
2019-11-21 21:35:34,857 - model.gcnn_supervisor - INFO - Horizon 01, MAE: 2.40, MAPE: 0.0582, RMSE: 4.15
2019-11-21 21:35:34,912 - model.gcnn_supervisor - INFO - Horizon 02, MAE: 2.69, MAPE: 0.0687, RMSE: 5.08
2019-11-21 21:35:34,967 - model.gcnn_supervisor - INFO - Horizon 03, MAE: 2.92, MAPE: 0.0771, RMSE: 5.71
2019-11-21 21:35:35,024 - model.gcnn_supervisor - INFO - Horizon 04, MAE: 3.12, MAPE: 0.0846, RMSE: 6.23
2019-11-21 21:35:35,079 - model.gcnn_supervisor - INFO - Horizon 05, MAE: 3.31, MAPE: 0.0914, RMSE: 6.69
2019-11-21 21:35:35,136 - model.gcnn_supervisor - INFO - Horizon 06, MAE: 3.48, MAPE: 0.0979, RMSE: 7.10
2019-11-21 21:35:35,195 - model.gcnn_supervisor - INFO - Horizon 07, MAE: 3.66, MAPE: 0.1042, RMSE: 7.49
2019-11-21 21:35:35,252 - model.gcnn_supervisor - INFO - Horizon 08, MAE: 3.82, MAPE: 0.1103, RMSE: 7.86
2019-11-21 21:35:35,308 - model.gcnn_supervisor - INFO - Horizon 09, MAE: 3.99, MAPE: 0.1164, RMSE: 8.19
2019-11-21 21:35:35,364 - model.gcnn_supervisor - INFO - Horizon 10, MAE: 4.15, MAPE: 0.1223, RMSE: 8.51
2019-11-21 21:35:35,421 - model.gcnn_supervisor - INFO - Horizon 11, MAE: 4.32, MAPE: 0.1284, RMSE: 8.82
2019-11-21 21:35:35,477 - model.gcnn_supervisor - INFO - Horizon 12, MAE: 4.49, MAPE: 0.1346, RMSE: 9.12
2019-11-21 21:35:57,634 - model.gcnn_supervisor - INFO - Epoch [12/35] (9750) train_mae: 2.2313, val_mae: 3.2150 lr:0.010000 22.0s
2019-11-21 21:35:59,986 - model.gcnn_supervisor - INFO - Horizon 01, MAE: 2.39, MAPE: 0.0586, RMSE: 4.14
2019-11-21 21:36:00,043 - model.gcnn_supervisor - INFO - Horizon 02, MAE: 2.70, MAPE: 0.0694, RMSE: 5.10
2019-11-21 21:36:00,098 - model.gcnn_supervisor - INFO - Horizon 03, MAE: 2.93, MAPE: 0.0778, RMSE: 5.73
2019-11-21 21:36:00,155 - model.gcnn_supervisor - INFO - Horizon 04, MAE: 3.15, MAPE: 0.0855, RMSE: 6.27
2019-11-21 21:36:00,212 - model.gcnn_supervisor - INFO - Horizon 05, MAE: 3.34, MAPE: 0.0923, RMSE: 6.74
2019-11-21 21:36:00,267 - model.gcnn_supervisor - INFO - Horizon 06, MAE: 3.52, MAPE: 0.0987, RMSE: 7.17
2019-11-21 21:36:00,323 - model.gcnn_supervisor - INFO - Horizon 07, MAE: 3.71, MAPE: 0.1050, RMSE: 7.57
2019-11-21 21:36:00,379 - model.gcnn_supervisor - INFO - Horizon 08, MAE: 3.89, MAPE: 0.1112, RMSE: 7.95
2019-11-21 21:36:00,434 - model.gcnn_supervisor - INFO - Horizon 09, MAE: 4.07, MAPE: 0.1172, RMSE: 8.30
2019-11-21 21:36:00,490 - model.gcnn_supervisor - INFO - Horizon 10, MAE: 4.25, MAPE: 0.1232, RMSE: 8.64
2019-11-21 21:36:00,546 - model.gcnn_supervisor - INFO - Horizon 11, MAE: 4.43, MAPE: 0.1292, RMSE: 8.96
2019-11-21 21:36:00,602 - model.gcnn_supervisor - INFO - Horizon 12, MAE: 4.61, MAPE: 0.1354, RMSE: 9.28
2019-11-21 21:36:22,695 - model.gcnn_supervisor - INFO - Epoch [13/35] (10500) train_mae: 2.2352, val_mae: 3.1631 lr:0.010000 21.9s
2019-11-21 21:36:25,059 - model.gcnn_supervisor - INFO - Horizon 01, MAE: 2.40, MAPE: 0.0586, RMSE: 4.13
2019-11-21 21:36:25,113 - model.gcnn_supervisor - INFO - Horizon 02, MAE: 2.69, MAPE: 0.0690, RMSE: 5.04
2019-11-21 21:36:25,169 - model.gcnn_supervisor - INFO - Horizon 03, MAE: 2.91, MAPE: 0.0770, RMSE: 5.66
2019-11-21 21:36:25,225 - model.gcnn_supervisor - INFO - Horizon 04, MAE: 3.11, MAPE: 0.0842, RMSE: 6.18
2019-11-21 21:36:25,281 - model.gcnn_supervisor - INFO - Horizon 05, MAE: 3.29, MAPE: 0.0906, RMSE: 6.64
2019-11-21 21:36:25,336 - model.gcnn_supervisor - INFO - Horizon 06, MAE: 3.47, MAPE: 0.0968, RMSE: 7.06
2019-11-21 21:36:25,391 - model.gcnn_supervisor - INFO - Horizon 07, MAE: 3.64, MAPE: 0.1027, RMSE: 7.45
2019-11-21 21:36:25,446 - model.gcnn_supervisor - INFO - Horizon 08, MAE: 3.81, MAPE: 0.1085, RMSE: 7.82
2019-11-21 21:36:25,502 - model.gcnn_supervisor - INFO - Horizon 09, MAE: 3.98, MAPE: 0.1141, RMSE: 8.16
2019-11-21 21:36:25,558 - model.gcnn_supervisor - INFO - Horizon 10, MAE: 4.14, MAPE: 0.1197, RMSE: 8.49
2019-11-21 21:36:25,615 - model.gcnn_supervisor - INFO - Horizon 11, MAE: 4.31, MAPE: 0.1253, RMSE: 8.80
2019-11-21 21:36:25,671 - model.gcnn_supervisor - INFO - Horizon 12, MAE: 4.48, MAPE: 0.1311, RMSE: 9.11
2019-11-21 21:36:47,794 - model.gcnn_supervisor - INFO - Epoch [14/35] (11250) train_mae: 2.2429, val_mae: 3.2561 lr:0.010000 21.9s
2019-11-21 21:36:50,152 - model.gcnn_supervisor - INFO - Horizon 01, MAE: 2.38, MAPE: 0.0585, RMSE: 4.15
2019-11-21 21:36:50,208 - model.gcnn_supervisor - INFO - Horizon 02, MAE: 2.70, MAPE: 0.0689, RMSE: 5.10
2019-11-21 21:36:50,262 - model.gcnn_supervisor - INFO - Horizon 03, MAE: 2.95, MAPE: 0.0775, RMSE: 5.74
2019-11-21 21:36:50,317 - model.gcnn_supervisor - INFO - Horizon 04, MAE: 3.17, MAPE: 0.0853, RMSE: 6.29
2019-11-21 21:36:50,372 - model.gcnn_supervisor - INFO - Horizon 05, MAE: 3.37, MAPE: 0.0924, RMSE: 6.77
2019-11-21 21:36:50,428 - model.gcnn_supervisor - INFO - Horizon 06, MAE: 3.57, MAPE: 0.0994, RMSE: 7.21
2019-11-21 21:36:50,484 - model.gcnn_supervisor - INFO - Horizon 07, MAE: 3.77, MAPE: 0.1062, RMSE: 7.63
2019-11-21 21:36:50,538 - model.gcnn_supervisor - INFO - Horizon 08, MAE: 3.96, MAPE: 0.1129, RMSE: 8.02
2019-11-21 21:36:50,592 - model.gcnn_supervisor - INFO - Horizon 09, MAE: 4.16, MAPE: 0.1195, RMSE: 8.38
2019-11-21 21:36:50,647 - model.gcnn_supervisor - INFO - Horizon 10, MAE: 4.36, MAPE: 0.1262, RMSE: 8.74
2019-11-21 21:36:50,702 - model.gcnn_supervisor - INFO - Horizon 11, MAE: 4.56, MAPE: 0.1329, RMSE: 9.07
2019-11-21 21:36:50,756 - model.gcnn_supervisor - INFO - Horizon 12, MAE: 4.76, MAPE: 0.1398, RMSE: 9.40
2019-11-21 21:37:12,865 - model.gcnn_supervisor - INFO - Epoch [15/35] (12000) train_mae: 2.2571, val_mae: 3.3807 lr:0.010000 21.9s
2019-11-21 21:37:15,228 - model.gcnn_supervisor - INFO - Horizon 01, MAE: 2.39, MAPE: 0.0593, RMSE: 4.16
2019-11-21 21:37:15,283 - model.gcnn_supervisor - INFO - Horizon 02, MAE: 2.77, MAPE: 0.0719, RMSE: 5.14
2019-11-21 21:37:15,340 - model.gcnn_supervisor - INFO - Horizon 03, MAE: 3.03, MAPE: 0.0818, RMSE: 5.79
2019-11-21 21:37:15,396 - model.gcnn_supervisor - INFO - Horizon 04, MAE: 3.28, MAPE: 0.0913, RMSE: 6.36
2019-11-21 21:37:15,452 - model.gcnn_supervisor - INFO - Horizon 05, MAE: 3.51, MAPE: 0.1001, RMSE: 6.86
2019-11-21 21:37:15,508 - model.gcnn_supervisor - INFO - Horizon 06, MAE: 3.73, MAPE: 0.1085, RMSE: 7.33
2019-11-21 21:37:15,562 - model.gcnn_supervisor - INFO - Horizon 07, MAE: 3.94, MAPE: 0.1168, RMSE: 7.77
2019-11-21 21:37:15,617 - model.gcnn_supervisor - INFO - Horizon 08, MAE: 4.14, MAPE: 0.1250, RMSE: 8.19
2019-11-21 21:37:15,670 - model.gcnn_supervisor - INFO - Horizon 09, MAE: 4.35, MAPE: 0.1331, RMSE: 8.58
2019-11-21 21:37:15,724 - model.gcnn_supervisor - INFO - Horizon 10, MAE: 4.55, MAPE: 0.1413, RMSE: 8.96
2019-11-21 21:37:15,777 - model.gcnn_supervisor - INFO - Horizon 11, MAE: 4.75, MAPE: 0.1497, RMSE: 9.33
2019-11-21 21:37:15,831 - model.gcnn_supervisor - INFO - Horizon 12, MAE: 4.94, MAPE: 0.1582, RMSE: 9.68
2019-11-21 21:37:37,970 - model.gcnn_supervisor - INFO - Epoch [16/35] (12750) train_mae: 2.2770, val_mae: 3.0671 lr:0.010000 22.0s
2019-11-21 21:37:40,332 - model.gcnn_supervisor - INFO - Horizon 01, MAE: 2.39, MAPE: 0.0592, RMSE: 4.13
2019-11-21 21:37:40,388 - model.gcnn_supervisor - INFO - Horizon 02, MAE: 2.69, MAPE: 0.0702, RMSE: 5.01
2019-11-21 21:37:40,443 - model.gcnn_supervisor - INFO - Horizon 03, MAE: 2.91, MAPE: 0.0791, RMSE: 5.61
2019-11-21 21:37:40,500 - model.gcnn_supervisor - INFO - Horizon 04, MAE: 3.09, MAPE: 0.0865, RMSE: 6.08
2019-11-21 21:37:40,557 - model.gcnn_supervisor - INFO - Horizon 05, MAE: 3.26, MAPE: 0.0932, RMSE: 6.49
2019-11-21 21:37:40,618 - model.gcnn_supervisor - INFO - Horizon 06, MAE: 3.41, MAPE: 0.0995, RMSE: 6.87
2019-11-21 21:37:40,676 - model.gcnn_supervisor - INFO - Horizon 07, MAE: 3.55, MAPE: 0.1056, RMSE: 7.22
2019-11-21 21:37:40,733 - model.gcnn_supervisor - INFO - Horizon 08, MAE: 3.69, MAPE: 0.1114, RMSE: 7.54
2019-11-21 21:37:40,790 - model.gcnn_supervisor - INFO - Horizon 09, MAE: 3.82, MAPE: 0.1171, RMSE: 7.84
2019-11-21 21:37:40,845 - model.gcnn_supervisor - INFO - Horizon 10, MAE: 3.95, MAPE: 0.1227, RMSE: 8.12
2019-11-21 21:37:40,900 - model.gcnn_supervisor - INFO - Horizon 11, MAE: 4.08, MAPE: 0.1283, RMSE: 8.39
2019-11-21 21:37:40,956 - model.gcnn_supervisor - INFO - Horizon 12, MAE: 4.21, MAPE: 0.1340, RMSE: 8.65
2019-11-21 21:37:41,135 - model.gcnn_supervisor - INFO - Val loss decrease from 3.1478 to 3.0671, saving to data/model/GCNN_DDGF_h_12_32_lr_0.01_bs_32_1121212700/models-3.0671-12750
2019-11-21 21:37:41,359 - model.gcnn_supervisor - INFO - Overall Test MAE 3.4195
2019-11-21 21:38:26,086 - model.gcnn_supervisor - INFO - Epoch [17/35] (13500) train_mae: 2.3035, val_mae: 3.2314 lr:0.010000 21.9s
2019-11-21 21:38:28,446 - model.gcnn_supervisor - INFO - Horizon 01, MAE: 2.39, MAPE: 0.0590, RMSE: 4.15
2019-11-21 21:38:28,502 - model.gcnn_supervisor - INFO - Horizon 02, MAE: 2.71, MAPE: 0.0712, RMSE: 5.06
2019-11-21 21:38:28,558 - model.gcnn_supervisor - INFO - Horizon 03, MAE: 2.95, MAPE: 0.0810, RMSE: 5.68
2019-11-21 21:38:28,613 - model.gcnn_supervisor - INFO - Horizon 04, MAE: 3.16, MAPE: 0.0901, RMSE: 6.20
2019-11-21 21:38:28,669 - model.gcnn_supervisor - INFO - Horizon 05, MAE: 3.37, MAPE: 0.0989, RMSE: 6.67
2019-11-21 21:38:28,724 - model.gcnn_supervisor - INFO - Horizon 06, MAE: 3.56, MAPE: 0.1077, RMSE: 7.11
2019-11-21 21:38:28,779 - model.gcnn_supervisor - INFO - Horizon 07, MAE: 3.76, MAPE: 0.1165, RMSE: 7.53
2019-11-21 21:38:28,833 - model.gcnn_supervisor - INFO - Horizon 08, MAE: 3.95, MAPE: 0.1254, RMSE: 7.94
2019-11-21 21:38:28,891 - model.gcnn_supervisor - INFO - Horizon 09, MAE: 4.14, MAPE: 0.1342, RMSE: 8.33
2019-11-21 21:38:28,946 - model.gcnn_supervisor - INFO - Horizon 10, MAE: 4.33, MAPE: 0.1432, RMSE: 8.71
2019-11-21 21:38:29,001 - model.gcnn_supervisor - INFO - Horizon 11, MAE: 4.52, MAPE: 0.1523, RMSE: 9.10
2019-11-21 21:38:29,057 - model.gcnn_supervisor - INFO - Horizon 12, MAE: 4.72, MAPE: 0.1617, RMSE: 9.48
2019-11-21 21:38:51,091 - model.gcnn_supervisor - INFO - Epoch [18/35] (14250) train_mae: 2.3517, val_mae: 3.1657 lr:0.010000 21.9s
2019-11-21 21:38:53,457 - model.gcnn_supervisor - INFO - Horizon 01, MAE: 2.42, MAPE: 0.0610, RMSE: 4.16
2019-11-21 21:38:53,513 - model.gcnn_supervisor - INFO - Horizon 02, MAE: 2.76, MAPE: 0.0738, RMSE: 5.07
2019-11-21 21:38:53,568 - model.gcnn_supervisor - INFO - Horizon 03, MAE: 2.99, MAPE: 0.0827, RMSE: 5.67
2019-11-21 21:38:53,625 - model.gcnn_supervisor - INFO - Horizon 04, MAE: 3.19, MAPE: 0.0905, RMSE: 6.18
2019-11-21 21:38:53,681 - model.gcnn_supervisor - INFO - Horizon 05, MAE: 3.37, MAPE: 0.0974, RMSE: 6.63
2019-11-21 21:38:53,737 - model.gcnn_supervisor - INFO - Horizon 06, MAE: 3.54, MAPE: 0.1039, RMSE: 7.05
2019-11-21 21:38:53,793 - model.gcnn_supervisor - INFO - Horizon 07, MAE: 3.70, MAPE: 0.1100, RMSE: 7.43
2019-11-21 21:38:53,849 - model.gcnn_supervisor - INFO - Horizon 08, MAE: 3.85, MAPE: 0.1158, RMSE: 7.78
2019-11-21 21:38:53,906 - model.gcnn_supervisor - INFO - Horizon 09, MAE: 3.99, MAPE: 0.1212, RMSE: 8.10
2019-11-21 21:38:53,964 - model.gcnn_supervisor - INFO - Horizon 10, MAE: 4.13, MAPE: 0.1264, RMSE: 8.40
2019-11-21 21:38:54,021 - model.gcnn_supervisor - INFO - Horizon 11, MAE: 4.27, MAPE: 0.1315, RMSE: 8.69
2019-11-21 21:38:54,076 - model.gcnn_supervisor - INFO - Horizon 12, MAE: 4.40, MAPE: 0.1366, RMSE: 8.96
2019-11-21 21:39:16,260 - model.gcnn_supervisor - INFO - Epoch [19/35] (15000) train_mae: 2.3917, val_mae: 2.9823 lr:0.010000 22.0s
2019-11-21 21:39:18,637 - model.gcnn_supervisor - INFO - Horizon 01, MAE: 2.39, MAPE: 0.0591, RMSE: 4.14
2019-11-21 21:39:18,693 - model.gcnn_supervisor - INFO - Horizon 02, MAE: 2.67, MAPE: 0.0687, RMSE: 4.97
2019-11-21 21:39:18,749 - model.gcnn_supervisor - INFO - Horizon 03, MAE: 2.87, MAPE: 0.0761, RMSE: 5.52
2019-11-21 21:39:18,805 - model.gcnn_supervisor - INFO - Horizon 04, MAE: 3.04, MAPE: 0.0822, RMSE: 5.97
2019-11-21 21:39:18,861 - model.gcnn_supervisor - INFO - Horizon 05, MAE: 3.18, MAPE: 0.0876, RMSE: 6.35
2019-11-21 21:39:18,917 - model.gcnn_supervisor - INFO - Horizon 06, MAE: 3.32, MAPE: 0.0925, RMSE: 6.69
2019-11-21 21:39:18,975 - model.gcnn_supervisor - INFO - Horizon 07, MAE: 3.44, MAPE: 0.0971, RMSE: 7.01
2019-11-21 21:39:19,031 - model.gcnn_supervisor - INFO - Horizon 08, MAE: 3.56, MAPE: 0.1014, RMSE: 7.31
2019-11-21 21:39:19,088 - model.gcnn_supervisor - INFO - Horizon 09, MAE: 3.67, MAPE: 0.1054, RMSE: 7.58
2019-11-21 21:39:19,144 - model.gcnn_supervisor - INFO - Horizon 10, MAE: 3.78, MAPE: 0.1093, RMSE: 7.83
2019-11-21 21:39:19,204 - model.gcnn_supervisor - INFO - Horizon 11, MAE: 3.90, MAPE: 0.1132, RMSE: 8.08
2019-11-21 21:39:19,262 - model.gcnn_supervisor - INFO - Horizon 12, MAE: 4.01, MAPE: 0.1173, RMSE: 8.32
2019-11-21 21:39:19,446 - model.gcnn_supervisor - INFO - Val loss decrease from 3.0671 to 2.9823, saving to data/model/GCNN_DDGF_h_12_32_lr_0.01_bs_32_1121212700/models-2.9823-15000
2019-11-21 21:39:19,668 - model.gcnn_supervisor - INFO - Overall Test MAE 3.3203
2019-11-21 21:40:04,109 - model.gcnn_supervisor - INFO - Epoch [20/35] (15750) train_mae: 2.4101, val_mae: 2.9322 lr:0.001000 22.1s
2019-11-21 21:40:06,470 - model.gcnn_supervisor - INFO - Horizon 01, MAE: 2.38, MAPE: 0.0581, RMSE: 4.12
2019-11-21 21:40:06,527 - model.gcnn_supervisor - INFO - Horizon 02, MAE: 2.66, MAPE: 0.0675, RMSE: 4.94
2019-11-21 21:40:06,583 - model.gcnn_supervisor - INFO - Horizon 03, MAE: 2.85, MAPE: 0.0747, RMSE: 5.47
2019-11-21 21:40:06,638 - model.gcnn_supervisor - INFO - Horizon 04, MAE: 3.01, MAPE: 0.0807, RMSE: 5.91
2019-11-21 21:40:06,695 - model.gcnn_supervisor - INFO - Horizon 05, MAE: 3.15, MAPE: 0.0860, RMSE: 6.27
2019-11-21 21:40:06,750 - model.gcnn_supervisor - INFO - Horizon 06, MAE: 3.27, MAPE: 0.0907, RMSE: 6.60
2019-11-21 21:40:06,804 - model.gcnn_supervisor - INFO - Horizon 07, MAE: 3.39, MAPE: 0.0952, RMSE: 6.90
2019-11-21 21:40:06,859 - model.gcnn_supervisor - INFO - Horizon 08, MAE: 3.49, MAPE: 0.0992, RMSE: 7.17
2019-11-21 21:40:06,914 - model.gcnn_supervisor - INFO - Horizon 09, MAE: 3.59, MAPE: 0.1030, RMSE: 7.42
2019-11-21 21:40:06,970 - model.gcnn_supervisor - INFO - Horizon 10, MAE: 3.69, MAPE: 0.1065, RMSE: 7.65
2019-11-21 21:40:07,025 - model.gcnn_supervisor - INFO - Horizon 11, MAE: 3.79, MAPE: 0.1101, RMSE: 7.87
2019-11-21 21:40:07,081 - model.gcnn_supervisor - INFO - Horizon 12, MAE: 3.89, MAPE: 0.1138, RMSE: 8.08
2019-11-21 21:40:07,270 - model.gcnn_supervisor - INFO - Val loss decrease from 2.9823 to 2.9322, saving to data/model/GCNN_DDGF_h_12_32_lr_0.01_bs_32_1121212700/models-2.9322-15750
2019-11-21 21:40:07,492 - model.gcnn_supervisor - INFO - Overall Test MAE 3.2632
2019-11-21 21:40:52,110 - model.gcnn_supervisor - INFO - Epoch [21/35] (16500) train_mae: 2.4721, val_mae: 2.9223 lr:0.001000 22.0s
2019-11-21 21:40:54,491 - model.gcnn_supervisor - INFO - Horizon 01, MAE: 2.39, MAPE: 0.0580, RMSE: 4.12
2019-11-21 21:40:54,547 - model.gcnn_supervisor - INFO - Horizon 02, MAE: 2.67, MAPE: 0.0674, RMSE: 4.92
2019-11-21 21:40:54,604 - model.gcnn_supervisor - INFO - Horizon 03, MAE: 2.86, MAPE: 0.0745, RMSE: 5.45
2019-11-21 21:40:54,660 - model.gcnn_supervisor - INFO - Horizon 04, MAE: 3.01, MAPE: 0.0806, RMSE: 5.87
2019-11-21 21:40:54,716 - model.gcnn_supervisor - INFO - Horizon 05, MAE: 3.14, MAPE: 0.0861, RMSE: 6.23
2019-11-21 21:40:54,771 - model.gcnn_supervisor - INFO - Horizon 06, MAE: 3.26, MAPE: 0.0911, RMSE: 6.54
2019-11-21 21:40:54,827 - model.gcnn_supervisor - INFO - Horizon 07, MAE: 3.37, MAPE: 0.0958, RMSE: 6.83
2019-11-21 21:40:54,881 - model.gcnn_supervisor - INFO - Horizon 08, MAE: 3.47, MAPE: 0.1003, RMSE: 7.09
2019-11-21 21:40:54,937 - model.gcnn_supervisor - INFO - Horizon 09, MAE: 3.57, MAPE: 0.1045, RMSE: 7.32
2019-11-21 21:40:54,993 - model.gcnn_supervisor - INFO - Horizon 10, MAE: 3.66, MAPE: 0.1085, RMSE: 7.54
2019-11-21 21:40:55,049 - model.gcnn_supervisor - INFO - Horizon 11, MAE: 3.75, MAPE: 0.1126, RMSE: 7.75
2019-11-21 21:40:55,106 - model.gcnn_supervisor - INFO - Horizon 12, MAE: 3.84, MAPE: 0.1167, RMSE: 7.95
2019-11-21 21:40:55,296 - model.gcnn_supervisor - INFO - Val loss decrease from 2.9322 to 2.9223, saving to data/model/GCNN_DDGF_h_12_32_lr_0.01_bs_32_1121212700/models-2.9223-16500
2019-11-21 21:40:55,517 - model.gcnn_supervisor - INFO - Overall Test MAE 3.2498
2019-11-21 21:41:39,987 - model.gcnn_supervisor - INFO - Epoch [22/35] (17250) train_mae: 2.5458, val_mae: 2.9101 lr:0.001000 22.1s
2019-11-21 21:41:42,359 - model.gcnn_supervisor - INFO - Horizon 01, MAE: 2.39, MAPE: 0.0586, RMSE: 4.12
2019-11-21 21:41:42,417 - model.gcnn_supervisor - INFO - Horizon 02, MAE: 2.66, MAPE: 0.0681, RMSE: 4.92
2019-11-21 21:41:42,473 - model.gcnn_supervisor - INFO - Horizon 03, MAE: 2.85, MAPE: 0.0754, RMSE: 5.45
2019-11-21 21:41:42,529 - model.gcnn_supervisor - INFO - Horizon 04, MAE: 3.00, MAPE: 0.0817, RMSE: 5.88
2019-11-21 21:41:42,586 - model.gcnn_supervisor - INFO - Horizon 05, MAE: 3.13, MAPE: 0.0871, RMSE: 6.23
2019-11-21 21:41:42,644 - model.gcnn_supervisor - INFO - Horizon 06, MAE: 3.25, MAPE: 0.0920, RMSE: 6.55
2019-11-21 21:41:42,700 - model.gcnn_supervisor - INFO - Horizon 07, MAE: 3.36, MAPE: 0.0965, RMSE: 6.83
2019-11-21 21:41:42,758 - model.gcnn_supervisor - INFO - Horizon 08, MAE: 3.46, MAPE: 0.1006, RMSE: 7.08
2019-11-21 21:41:42,815 - model.gcnn_supervisor - INFO - Horizon 09, MAE: 3.55, MAPE: 0.1044, RMSE: 7.32
2019-11-21 21:41:42,871 - model.gcnn_supervisor - INFO - Horizon 10, MAE: 3.63, MAPE: 0.1080, RMSE: 7.53
2019-11-21 21:41:42,927 - model.gcnn_supervisor - INFO - Horizon 11, MAE: 3.72, MAPE: 0.1115, RMSE: 7.73
2019-11-21 21:41:42,982 - model.gcnn_supervisor - INFO - Horizon 12, MAE: 3.81, MAPE: 0.1152, RMSE: 7.93
2019-11-21 21:41:43,163 - model.gcnn_supervisor - INFO - Val loss decrease from 2.9223 to 2.9101, saving to data/model/GCNN_DDGF_h_12_32_lr_0.01_bs_32_1121212700/models-2.9101-17250
2019-11-21 21:41:43,385 - model.gcnn_supervisor - INFO - Overall Test MAE 3.2343
2019-11-21 21:42:28,106 - model.gcnn_supervisor - INFO - Epoch [23/35] (18000) train_mae: 2.6203, val_mae: 2.8994 lr:0.001000 22.0s
2019-11-21 21:42:30,467 - model.gcnn_supervisor - INFO - Horizon 01, MAE: 2.40, MAPE: 0.0582, RMSE: 4.13
2019-11-21 21:42:30,523 - model.gcnn_supervisor - INFO - Horizon 02, MAE: 2.67, MAPE: 0.0674, RMSE: 4.93
2019-11-21 21:42:30,578 - model.gcnn_supervisor - INFO - Horizon 03, MAE: 2.85, MAPE: 0.0743, RMSE: 5.45
2019-11-21 21:42:30,634 - model.gcnn_supervisor - INFO - Horizon 04, MAE: 3.00, MAPE: 0.0803, RMSE: 5.86
2019-11-21 21:42:30,689 - model.gcnn_supervisor - INFO - Horizon 05, MAE: 3.13, MAPE: 0.0855, RMSE: 6.21
2019-11-21 21:42:30,744 - model.gcnn_supervisor - INFO - Horizon 06, MAE: 3.25, MAPE: 0.0901, RMSE: 6.52
2019-11-21 21:42:30,799 - model.gcnn_supervisor - INFO - Horizon 07, MAE: 3.36, MAPE: 0.0944, RMSE: 6.80
2019-11-21 21:42:30,854 - model.gcnn_supervisor - INFO - Horizon 08, MAE: 3.45, MAPE: 0.0983, RMSE: 7.05
2019-11-21 21:42:30,911 - model.gcnn_supervisor - INFO - Horizon 09, MAE: 3.54, MAPE: 0.1020, RMSE: 7.28
2019-11-21 21:42:30,966 - model.gcnn_supervisor - INFO - Horizon 10, MAE: 3.63, MAPE: 0.1053, RMSE: 7.49
2019-11-21 21:42:31,022 - model.gcnn_supervisor - INFO - Horizon 11, MAE: 3.71, MAPE: 0.1087, RMSE: 7.69
2019-11-21 21:42:31,077 - model.gcnn_supervisor - INFO - Horizon 12, MAE: 3.80, MAPE: 0.1122, RMSE: 7.88
2019-11-21 21:42:31,259 - model.gcnn_supervisor - INFO - Val loss decrease from 2.9101 to 2.8994, saving to data/model/GCNN_DDGF_h_12_32_lr_0.01_bs_32_1121212700/models-2.8994-18000
2019-11-21 21:42:31,484 - model.gcnn_supervisor - INFO - Overall Test MAE 3.2331
2019-11-21 21:43:15,801 - model.gcnn_supervisor - INFO - Epoch [24/35] (18750) train_mae: 2.6679, val_mae: 2.8973 lr:0.001000 22.0s
2019-11-21 21:43:18,174 - model.gcnn_supervisor - INFO - Horizon 01, MAE: 2.40, MAPE: 0.0582, RMSE: 4.14
2019-11-21 21:43:18,233 - model.gcnn_supervisor - INFO - Horizon 02, MAE: 2.67, MAPE: 0.0673, RMSE: 4.94
2019-11-21 21:43:18,289 - model.gcnn_supervisor - INFO - Horizon 03, MAE: 2.86, MAPE: 0.0740, RMSE: 5.46
2019-11-21 21:43:18,346 - model.gcnn_supervisor - INFO - Horizon 04, MAE: 3.01, MAPE: 0.0797, RMSE: 5.87
2019-11-21 21:43:18,403 - model.gcnn_supervisor - INFO - Horizon 05, MAE: 3.14, MAPE: 0.0846, RMSE: 6.21
2019-11-21 21:43:18,459 - model.gcnn_supervisor - INFO - Horizon 06, MAE: 3.25, MAPE: 0.0889, RMSE: 6.51
2019-11-21 21:43:18,516 - model.gcnn_supervisor - INFO - Horizon 07, MAE: 3.36, MAPE: 0.0928, RMSE: 6.78
2019-11-21 21:43:18,573 - model.gcnn_supervisor - INFO - Horizon 08, MAE: 3.45, MAPE: 0.0963, RMSE: 7.03
2019-11-21 21:43:18,630 - model.gcnn_supervisor - INFO - Horizon 09, MAE: 3.54, MAPE: 0.0996, RMSE: 7.25
2019-11-21 21:43:18,687 - model.gcnn_supervisor - INFO - Horizon 10, MAE: 3.62, MAPE: 0.1026, RMSE: 7.45
2019-11-21 21:43:18,744 - model.gcnn_supervisor - INFO - Horizon 11, MAE: 3.70, MAPE: 0.1056, RMSE: 7.64
2019-11-21 21:43:18,800 - model.gcnn_supervisor - INFO - Horizon 12, MAE: 3.79, MAPE: 0.1087, RMSE: 7.83
2019-11-21 21:43:18,991 - model.gcnn_supervisor - INFO - Val loss decrease from 2.8994 to 2.8973, saving to data/model/GCNN_DDGF_h_12_32_lr_0.01_bs_32_1121212700/models-2.8973-18750
2019-11-21 21:43:19,213 - model.gcnn_supervisor - INFO - Overall Test MAE 3.2318
2019-11-21 21:44:03,770 - model.gcnn_supervisor - INFO - Epoch [25/35] (19500) train_mae: 2.7302, val_mae: 2.9044 lr:0.001000 22.0s
2019-11-21 21:44:06,141 - model.gcnn_supervisor - INFO - Horizon 01, MAE: 2.40, MAPE: 0.0586, RMSE: 4.14
2019-11-21 21:44:06,199 - model.gcnn_supervisor - INFO - Horizon 02, MAE: 2.67, MAPE: 0.0678, RMSE: 4.92
2019-11-21 21:44:06,255 - model.gcnn_supervisor - INFO - Horizon 03, MAE: 2.86, MAPE: 0.0750, RMSE: 5.43
2019-11-21 21:44:06,311 - model.gcnn_supervisor - INFO - Horizon 04, MAE: 3.01, MAPE: 0.0812, RMSE: 5.84
2019-11-21 21:44:06,368 - model.gcnn_supervisor - INFO - Horizon 05, MAE: 3.13, MAPE: 0.0864, RMSE: 6.18
2019-11-21 21:44:06,425 - model.gcnn_supervisor - INFO - Horizon 06, MAE: 3.25, MAPE: 0.0912, RMSE: 6.48
2019-11-21 21:44:06,481 - model.gcnn_supervisor - INFO - Horizon 07, MAE: 3.35, MAPE: 0.0956, RMSE: 6.75
2019-11-21 21:44:06,537 - model.gcnn_supervisor - INFO - Horizon 08, MAE: 3.44, MAPE: 0.0996, RMSE: 6.99
2019-11-21 21:44:06,594 - model.gcnn_supervisor - INFO - Horizon 09, MAE: 3.53, MAPE: 0.1033, RMSE: 7.20
2019-11-21 21:44:06,651 - model.gcnn_supervisor - INFO - Horizon 10, MAE: 3.61, MAPE: 0.1068, RMSE: 7.40
2019-11-21 21:44:06,707 - model.gcnn_supervisor - INFO - Horizon 11, MAE: 3.69, MAPE: 0.1102, RMSE: 7.59
2019-11-21 21:44:06,762 - model.gcnn_supervisor - INFO - Horizon 12, MAE: 3.77, MAPE: 0.1138, RMSE: 7.78
2019-11-21 21:44:28,918 - model.gcnn_supervisor - INFO - Epoch [26/35] (20250) train_mae: 2.7732, val_mae: 2.8965 lr:0.001000 22.0s
2019-11-21 21:44:31,313 - model.gcnn_supervisor - INFO - Horizon 01, MAE: 2.41, MAPE: 0.0592, RMSE: 4.15
2019-11-21 21:44:31,372 - model.gcnn_supervisor - INFO - Horizon 02, MAE: 2.68, MAPE: 0.0684, RMSE: 4.93
2019-11-21 21:44:31,429 - model.gcnn_supervisor - INFO - Horizon 03, MAE: 2.86, MAPE: 0.0757, RMSE: 5.46
2019-11-21 21:44:31,487 - model.gcnn_supervisor - INFO - Horizon 04, MAE: 3.02, MAPE: 0.0818, RMSE: 5.88
2019-11-21 21:44:31,545 - model.gcnn_supervisor - INFO - Horizon 05, MAE: 3.14, MAPE: 0.0869, RMSE: 6.22
2019-11-21 21:44:31,600 - model.gcnn_supervisor - INFO - Horizon 06, MAE: 3.25, MAPE: 0.0915, RMSE: 6.51
2019-11-21 21:44:31,656 - model.gcnn_supervisor - INFO - Horizon 07, MAE: 3.35, MAPE: 0.0956, RMSE: 6.77
2019-11-21 21:44:31,712 - model.gcnn_supervisor - INFO - Horizon 08, MAE: 3.44, MAPE: 0.0993, RMSE: 7.01
2019-11-21 21:44:31,767 - model.gcnn_supervisor - INFO - Horizon 09, MAE: 3.52, MAPE: 0.1028, RMSE: 7.22
2019-11-21 21:44:31,824 - model.gcnn_supervisor - INFO - Horizon 10, MAE: 3.60, MAPE: 0.1060, RMSE: 7.41
2019-11-21 21:44:31,880 - model.gcnn_supervisor - INFO - Horizon 11, MAE: 3.68, MAPE: 0.1092, RMSE: 7.58
2019-11-21 21:44:31,936 - model.gcnn_supervisor - INFO - Horizon 12, MAE: 3.76, MAPE: 0.1125, RMSE: 7.76
2019-11-21 21:44:32,123 - model.gcnn_supervisor - INFO - Val loss decrease from 2.8973 to 2.8965, saving to data/model/GCNN_DDGF_h_12_32_lr_0.01_bs_32_1121212700/models-2.8965-20250
2019-11-21 21:44:32,345 - model.gcnn_supervisor - INFO - Overall Test MAE 3.2264
2019-11-21 21:45:17,804 - model.gcnn_supervisor - INFO - Epoch [27/35] (21000) train_mae: 2.8017, val_mae: 2.9034 lr:0.001000 22.2s
2019-11-21 21:45:20,115 - model.gcnn_supervisor - INFO - Horizon 01, MAE: 2.42, MAPE: 0.0594, RMSE: 4.15
2019-11-21 21:45:20,171 - model.gcnn_supervisor - INFO - Horizon 02, MAE: 2.68, MAPE: 0.0689, RMSE: 4.93
2019-11-21 21:45:20,227 - model.gcnn_supervisor - INFO - Horizon 03, MAE: 2.87, MAPE: 0.0761, RMSE: 5.45
2019-11-21 21:45:20,283 - model.gcnn_supervisor - INFO - Horizon 04, MAE: 3.02, MAPE: 0.0822, RMSE: 5.87
2019-11-21 21:45:20,339 - model.gcnn_supervisor - INFO - Horizon 05, MAE: 3.15, MAPE: 0.0873, RMSE: 6.21
2019-11-21 21:45:20,394 - model.gcnn_supervisor - INFO - Horizon 06, MAE: 3.26, MAPE: 0.0919, RMSE: 6.50
2019-11-21 21:45:20,449 - model.gcnn_supervisor - INFO - Horizon 07, MAE: 3.36, MAPE: 0.0959, RMSE: 6.77
2019-11-21 21:45:20,504 - model.gcnn_supervisor - INFO - Horizon 08, MAE: 3.45, MAPE: 0.0996, RMSE: 7.00
2019-11-21 21:45:20,558 - model.gcnn_supervisor - INFO - Horizon 09, MAE: 3.53, MAPE: 0.1030, RMSE: 7.21
2019-11-21 21:45:20,613 - model.gcnn_supervisor - INFO - Horizon 10, MAE: 3.60, MAPE: 0.1061, RMSE: 7.40
2019-11-21 21:45:20,669 - model.gcnn_supervisor - INFO - Horizon 11, MAE: 3.68, MAPE: 0.1092, RMSE: 7.58
2019-11-21 21:45:20,724 - model.gcnn_supervisor - INFO - Horizon 12, MAE: 3.75, MAPE: 0.1124, RMSE: 7.75
2019-11-21 21:45:42,882 - model.gcnn_supervisor - INFO - Epoch [28/35] (21750) train_mae: 2.8203, val_mae: 2.9119 lr:0.001000 22.0s
2019-11-21 21:45:45,298 - model.gcnn_supervisor - INFO - Horizon 01, MAE: 2.43, MAPE: 0.0597, RMSE: 4.16
2019-11-21 21:45:45,356 - model.gcnn_supervisor - INFO - Horizon 02, MAE: 2.69, MAPE: 0.0687, RMSE: 4.93
2019-11-21 21:45:45,413 - model.gcnn_supervisor - INFO - Horizon 03, MAE: 2.88, MAPE: 0.0757, RMSE: 5.44
2019-11-21 21:45:45,468 - model.gcnn_supervisor - INFO - Horizon 04, MAE: 3.03, MAPE: 0.0815, RMSE: 5.85
2019-11-21 21:45:45,537 - model.gcnn_supervisor - INFO - Horizon 05, MAE: 3.16, MAPE: 0.0864, RMSE: 6.19
2019-11-21 21:45:45,595 - model.gcnn_supervisor - INFO - Horizon 06, MAE: 3.27, MAPE: 0.0908, RMSE: 6.48
2019-11-21 21:45:45,654 - model.gcnn_supervisor - INFO - Horizon 07, MAE: 3.36, MAPE: 0.0948, RMSE: 6.74
2019-11-21 21:45:45,712 - model.gcnn_supervisor - INFO - Horizon 08, MAE: 3.45, MAPE: 0.0984, RMSE: 6.97
2019-11-21 21:45:45,778 - model.gcnn_supervisor - INFO - Horizon 09, MAE: 3.53, MAPE: 0.1017, RMSE: 7.18
2019-11-21 21:45:45,846 - model.gcnn_supervisor - INFO - Horizon 10, MAE: 3.61, MAPE: 0.1048, RMSE: 7.36
2019-11-21 21:45:45,909 - model.gcnn_supervisor - INFO - Horizon 11, MAE: 3.68, MAPE: 0.1078, RMSE: 7.54
2019-11-21 21:45:45,972 - model.gcnn_supervisor - INFO - Horizon 12, MAE: 3.76, MAPE: 0.1110, RMSE: 7.71
2019-11-21 21:46:08,011 - model.gcnn_supervisor - INFO - Epoch [29/35] (22500) train_mae: 2.8209, val_mae: 2.9268 lr:0.001000 21.9s
2019-11-21 21:46:10,358 - model.gcnn_supervisor - INFO - Horizon 01, MAE: 2.44, MAPE: 0.0596, RMSE: 4.16
2019-11-21 21:46:10,411 - model.gcnn_supervisor - INFO - Horizon 02, MAE: 2.70, MAPE: 0.0692, RMSE: 4.93
2019-11-21 21:46:10,464 - model.gcnn_supervisor - INFO - Horizon 03, MAE: 2.89, MAPE: 0.0766, RMSE: 5.44
2019-11-21 21:46:10,517 - model.gcnn_supervisor - INFO - Horizon 04, MAE: 3.04, MAPE: 0.0829, RMSE: 5.86
2019-11-21 21:46:10,571 - model.gcnn_supervisor - INFO - Horizon 05, MAE: 3.17, MAPE: 0.0881, RMSE: 6.20
2019-11-21 21:46:10,624 - model.gcnn_supervisor - INFO - Horizon 06, MAE: 3.28, MAPE: 0.0927, RMSE: 6.50
2019-11-21 21:46:10,677 - model.gcnn_supervisor - INFO - Horizon 07, MAE: 3.38, MAPE: 0.0969, RMSE: 6.76
2019-11-21 21:46:10,731 - model.gcnn_supervisor - INFO - Horizon 08, MAE: 3.47, MAPE: 0.1007, RMSE: 6.99
2019-11-21 21:46:10,784 - model.gcnn_supervisor - INFO - Horizon 09, MAE: 3.55, MAPE: 0.1041, RMSE: 7.19
2019-11-21 21:46:10,837 - model.gcnn_supervisor - INFO - Horizon 10, MAE: 3.63, MAPE: 0.1073, RMSE: 7.38
2019-11-21 21:46:10,889 - model.gcnn_supervisor - INFO - Horizon 11, MAE: 3.70, MAPE: 0.1104, RMSE: 7.55
2019-11-21 21:46:10,943 - model.gcnn_supervisor - INFO - Horizon 12, MAE: 3.78, MAPE: 0.1137, RMSE: 7.73
2019-11-21 21:46:32,522 - model.gcnn_supervisor - INFO - Epoch [30/35] (23250) train_mae: 2.8293, val_mae: 2.9282 lr:0.001000 21.4s
2019-11-21 21:46:34,834 - model.gcnn_supervisor - INFO - Horizon 01, MAE: 2.44, MAPE: 0.0603, RMSE: 4.17
2019-11-21 21:46:34,889 - model.gcnn_supervisor - INFO - Horizon 02, MAE: 2.71, MAPE: 0.0692, RMSE: 4.93
2019-11-21 21:46:34,942 - model.gcnn_supervisor - INFO - Horizon 03, MAE: 2.90, MAPE: 0.0763, RMSE: 5.45
2019-11-21 21:46:34,996 - model.gcnn_supervisor - INFO - Horizon 04, MAE: 3.05, MAPE: 0.0821, RMSE: 5.87
2019-11-21 21:46:35,051 - model.gcnn_supervisor - INFO - Horizon 05, MAE: 3.18, MAPE: 0.0870, RMSE: 6.21
2019-11-21 21:46:35,105 - model.gcnn_supervisor - INFO - Horizon 06, MAE: 3.29, MAPE: 0.0913, RMSE: 6.51
2019-11-21 21:46:35,163 - model.gcnn_supervisor - INFO - Horizon 07, MAE: 3.39, MAPE: 0.0952, RMSE: 6.77
2019-11-21 21:46:35,220 - model.gcnn_supervisor - INFO - Horizon 08, MAE: 3.48, MAPE: 0.0987, RMSE: 7.00
2019-11-21 21:46:35,287 - model.gcnn_supervisor - INFO - Horizon 09, MAE: 3.56, MAPE: 0.1019, RMSE: 7.20
2019-11-21 21:46:35,347 - model.gcnn_supervisor - INFO - Horizon 10, MAE: 3.63, MAPE: 0.1047, RMSE: 7.38
2019-11-21 21:46:35,411 - model.gcnn_supervisor - INFO - Horizon 11, MAE: 3.70, MAPE: 0.1076, RMSE: 7.55
2019-11-21 21:46:35,482 - model.gcnn_supervisor - INFO - Horizon 12, MAE: 3.77, MAPE: 0.1106, RMSE: 7.72
2019-11-21 21:46:57,276 - model.gcnn_supervisor - INFO - Epoch [31/35] (24000) train_mae: 2.8280, val_mae: 2.9336 lr:0.001000 21.6s
2019-11-21 21:46:59,512 - model.gcnn_supervisor - INFO - Horizon 01, MAE: 2.45, MAPE: 0.0604, RMSE: 4.18
2019-11-21 21:46:59,572 - model.gcnn_supervisor - INFO - Horizon 02, MAE: 2.71, MAPE: 0.0692, RMSE: 4.94
2019-11-21 21:46:59,628 - model.gcnn_supervisor - INFO - Horizon 03, MAE: 2.90, MAPE: 0.0763, RMSE: 5.46
2019-11-21 21:46:59,682 - model.gcnn_supervisor - INFO - Horizon 04, MAE: 3.05, MAPE: 0.0820, RMSE: 5.88
2019-11-21 21:46:59,736 - model.gcnn_supervisor - INFO - Horizon 05, MAE: 3.18, MAPE: 0.0869, RMSE: 6.22
2019-11-21 21:46:59,788 - model.gcnn_supervisor - INFO - Horizon 06, MAE: 3.29, MAPE: 0.0911, RMSE: 6.52
2019-11-21 21:46:59,841 - model.gcnn_supervisor - INFO - Horizon 07, MAE: 3.40, MAPE: 0.0949, RMSE: 6.79
2019-11-21 21:46:59,893 - model.gcnn_supervisor - INFO - Horizon 08, MAE: 3.49, MAPE: 0.0984, RMSE: 7.02
2019-11-21 21:46:59,946 - model.gcnn_supervisor - INFO - Horizon 09, MAE: 3.57, MAPE: 0.1015, RMSE: 7.22
2019-11-21 21:46:59,998 - model.gcnn_supervisor - INFO - Horizon 10, MAE: 3.64, MAPE: 0.1043, RMSE: 7.41
2019-11-21 21:47:00,052 - model.gcnn_supervisor - INFO - Horizon 11, MAE: 3.72, MAPE: 0.1072, RMSE: 7.59
2019-11-21 21:47:00,105 - model.gcnn_supervisor - INFO - Horizon 12, MAE: 3.79, MAPE: 0.1101, RMSE: 7.76
2019-11-21 21:47:21,789 - model.gcnn_supervisor - INFO - Epoch [32/35] (24750) train_mae: 2.8177, val_mae: 2.9615 lr:0.001000 21.5s
2019-11-21 21:47:24,301 - model.gcnn_supervisor - INFO - Horizon 01, MAE: 2.46, MAPE: 0.0605, RMSE: 4.18
2019-11-21 21:47:24,363 - model.gcnn_supervisor - INFO - Horizon 02, MAE: 2.72, MAPE: 0.0697, RMSE: 4.95
2019-11-21 21:47:24,421 - model.gcnn_supervisor - INFO - Horizon 03, MAE: 2.91, MAPE: 0.0772, RMSE: 5.47
2019-11-21 21:47:24,478 - model.gcnn_supervisor - INFO - Horizon 04, MAE: 3.07, MAPE: 0.0834, RMSE: 5.89
2019-11-21 21:47:24,530 - model.gcnn_supervisor - INFO - Horizon 05, MAE: 3.20, MAPE: 0.0887, RMSE: 6.24
2019-11-21 21:47:24,581 - model.gcnn_supervisor - INFO - Horizon 06, MAE: 3.31, MAPE: 0.0933, RMSE: 6.55
2019-11-21 21:47:24,633 - model.gcnn_supervisor - INFO - Horizon 07, MAE: 3.41, MAPE: 0.0975, RMSE: 6.82
2019-11-21 21:47:24,685 - model.gcnn_supervisor - INFO - Horizon 08, MAE: 3.51, MAPE: 0.1014, RMSE: 7.06
2019-11-21 21:47:24,737 - model.gcnn_supervisor - INFO - Horizon 09, MAE: 3.59, MAPE: 0.1049, RMSE: 7.27
2019-11-21 21:47:24,788 - model.gcnn_supervisor - INFO - Horizon 10, MAE: 3.67, MAPE: 0.1080, RMSE: 7.46
2019-11-21 21:47:24,839 - model.gcnn_supervisor - INFO - Horizon 11, MAE: 3.74, MAPE: 0.1113, RMSE: 7.64
2019-11-21 21:47:24,890 - model.gcnn_supervisor - INFO - Horizon 12, MAE: 3.82, MAPE: 0.1146, RMSE: 7.82
2019-11-21 21:47:46,450 - model.gcnn_supervisor - INFO - Epoch [33/35] (25500) train_mae: 2.8146, val_mae: 2.9490 lr:0.001000 21.4s
2019-11-21 21:47:48,697 - model.gcnn_supervisor - INFO - Horizon 01, MAE: 2.46, MAPE: 0.0606, RMSE: 4.19
2019-11-21 21:47:48,755 - model.gcnn_supervisor - INFO - Horizon 02, MAE: 2.72, MAPE: 0.0696, RMSE: 4.95
2019-11-21 21:47:48,817 - model.gcnn_supervisor - INFO - Horizon 03, MAE: 2.91, MAPE: 0.0768, RMSE: 5.47
2019-11-21 21:47:48,877 - model.gcnn_supervisor - INFO - Horizon 04, MAE: 3.07, MAPE: 0.0825, RMSE: 5.89
2019-11-21 21:47:48,937 - model.gcnn_supervisor - INFO - Horizon 05, MAE: 3.20, MAPE: 0.0874, RMSE: 6.24
2019-11-21 21:47:48,999 - model.gcnn_supervisor - INFO - Horizon 06, MAE: 3.31, MAPE: 0.0916, RMSE: 6.55
2019-11-21 21:47:49,058 - model.gcnn_supervisor - INFO - Horizon 07, MAE: 3.41, MAPE: 0.0954, RMSE: 6.82
2019-11-21 21:47:49,116 - model.gcnn_supervisor - INFO - Horizon 08, MAE: 3.50, MAPE: 0.0988, RMSE: 7.05
2019-11-21 21:47:49,174 - model.gcnn_supervisor - INFO - Horizon 09, MAE: 3.58, MAPE: 0.1019, RMSE: 7.26
2019-11-21 21:47:49,230 - model.gcnn_supervisor - INFO - Horizon 10, MAE: 3.65, MAPE: 0.1047, RMSE: 7.45
2019-11-21 21:47:49,286 - model.gcnn_supervisor - INFO - Horizon 11, MAE: 3.73, MAPE: 0.1076, RMSE: 7.62
2019-11-21 21:47:49,341 - model.gcnn_supervisor - INFO - Horizon 12, MAE: 3.81, MAPE: 0.1105, RMSE: 7.80
2019-11-21 21:48:11,122 - model.gcnn_supervisor - INFO - Epoch [34/35] (26250) train_mae: 2.8038, val_mae: 2.9452 lr:0.001000 21.6s
2019-11-21 21:48:13,516 - model.gcnn_supervisor - INFO - Horizon 01, MAE: 2.46, MAPE: 0.0607, RMSE: 4.20
2019-11-21 21:48:13,571 - model.gcnn_supervisor - INFO - Horizon 02, MAE: 2.72, MAPE: 0.0695, RMSE: 4.96
2019-11-21 21:48:13,624 - model.gcnn_supervisor - INFO - Horizon 03, MAE: 2.91, MAPE: 0.0767, RMSE: 5.49
2019-11-21 21:48:13,676 - model.gcnn_supervisor - INFO - Horizon 04, MAE: 3.07, MAPE: 0.0822, RMSE: 5.91
2019-11-21 21:48:13,729 - model.gcnn_supervisor - INFO - Horizon 05, MAE: 3.20, MAPE: 0.0869, RMSE: 6.27
2019-11-21 21:48:13,782 - model.gcnn_supervisor - INFO - Horizon 06, MAE: 3.31, MAPE: 0.0910, RMSE: 6.58
2019-11-21 21:48:13,834 - model.gcnn_supervisor - INFO - Horizon 07, MAE: 3.42, MAPE: 0.0947, RMSE: 6.85
2019-11-21 21:48:13,886 - model.gcnn_supervisor - INFO - Horizon 08, MAE: 3.51, MAPE: 0.0980, RMSE: 7.09
2019-11-21 21:48:13,939 - model.gcnn_supervisor - INFO - Horizon 09, MAE: 3.59, MAPE: 0.1009, RMSE: 7.31
2019-11-21 21:48:13,991 - model.gcnn_supervisor - INFO - Horizon 10, MAE: 3.67, MAPE: 0.1037, RMSE: 7.51
2019-11-21 21:48:14,044 - model.gcnn_supervisor - INFO - Horizon 11, MAE: 3.75, MAPE: 0.1064, RMSE: 7.69
2019-11-21 21:48:14,097 - model.gcnn_supervisor - INFO - Horizon 12, MAE: 3.83, MAPE: 0.1092, RMSE: 7.88
2019-11-21 21:48:35,500 - model.gcnn_supervisor - INFO - Epoch [35/35] (27000) train_mae: 2.7975, val_mae: 2.9660 lr:0.001000 21.2s
2019-11-21 21:48:37,738 - model.gcnn_supervisor - INFO - Horizon 01, MAE: 2.46, MAPE: 0.0608, RMSE: 4.20
2019-11-21 21:48:37,788 - model.gcnn_supervisor - INFO - Horizon 02, MAE: 2.72, MAPE: 0.0697, RMSE: 4.96
2019-11-21 21:48:37,847 - model.gcnn_supervisor - INFO - Horizon 03, MAE: 2.92, MAPE: 0.0771, RMSE: 5.49
2019-11-21 21:48:37,912 - model.gcnn_supervisor - INFO - Horizon 04, MAE: 3.07, MAPE: 0.0830, RMSE: 5.92
2019-11-21 21:48:37,982 - model.gcnn_supervisor - INFO - Horizon 05, MAE: 3.21, MAPE: 0.0880, RMSE: 6.28
2019-11-21 21:48:38,052 - model.gcnn_supervisor - INFO - Horizon 06, MAE: 3.32, MAPE: 0.0923, RMSE: 6.59
2019-11-21 21:48:38,111 - model.gcnn_supervisor - INFO - Horizon 07, MAE: 3.42, MAPE: 0.0962, RMSE: 6.86
2019-11-21 21:48:38,170 - model.gcnn_supervisor - INFO - Horizon 08, MAE: 3.52, MAPE: 0.0997, RMSE: 7.10
2019-11-21 21:48:38,225 - model.gcnn_supervisor - INFO - Horizon 09, MAE: 3.60, MAPE: 0.1028, RMSE: 7.31
2019-11-21 21:48:38,277 - model.gcnn_supervisor - INFO - Horizon 10, MAE: 3.68, MAPE: 0.1057, RMSE: 7.50
2019-11-21 21:48:38,330 - model.gcnn_supervisor - INFO - Horizon 11, MAE: 3.76, MAPE: 0.1085, RMSE: 7.69
2019-11-21 21:48:38,395 - model.gcnn_supervisor - INFO - Horizon 12, MAE: 3.84, MAPE: 0.1114, RMSE: 7.86
